<?xml version="1.0" encoding="UTF-8"?>
<!-- Generated by org.testng.reporters.JUnitReportReporter -->
<testsuite skipped="0" hostname="DESKTOP-V3FP7B6" name="com.jbk.RestAPI.AppTest" tests="1" failures="0" timestamp="24 Jan 2020 11:02:47 GMT" time="0.007" errors="0">
  <testcase name="testApp" time="0.007" classname="com.jbk.RestAPI.AppTest"/>
</testsuite> <!-- com.jbk.RestAPI.AppTest -->
