<?xml version="1.0" encoding="UTF-8"?>
<!-- Generated by org.testng.reporters.JUnitReportReporter -->
<testsuite name="com.jbk.RestAPI.RestApiTestNG" tests="6" time="8.059" ignored="0" failures="0" timestamp="25 Jan 2020 04:35:56 GMT" skipped="0" hostname="DESKTOP-V3FP7B6" errors="0">
  <testcase name="CheckWeatherDetailsStatus" time="0.698" classname="com.jbk.RestAPI.RestApiTestNG"/>
  <testcase name="CheckWeatherDetails" time="0.845" classname="com.jbk.RestAPI.RestApiTestNG"/>
  <testcase name="CheckCityInJsonResponse" time="4.241" classname="com.jbk.RestAPI.RestApiTestNG"/>
  <testcase name="CheckWeatherMessageBody" time="0.732" classname="com.jbk.RestAPI.RestApiTestNG"/>
  <testcase name="CheckCityInJsonResponseJson" time="0.811" classname="com.jbk.RestAPI.RestApiTestNG"/>
  <testcase name="CheckWeatherDetailsInvalidCity" time="0.732" classname="com.jbk.RestAPI.RestApiTestNG"/>
</testsuite> <!-- com.jbk.RestAPI.RestApiTestNG -->
