<?xml version="1.0" encoding="UTF-8"?>
<!-- Generated by org.testng.reporters.JUnitReportReporter -->
<testsuite name="com.jbk.RestAPI.APITest" tests="1" time="3.711" ignored="0" failures="0" timestamp="25 Jan 2020 04:35:56 GMT" skipped="0" hostname="DESKTOP-V3FP7B6" errors="0">
  <testcase name="BodyJson" time="3.711" classname="com.jbk.RestAPI.APITest"/>
</testsuite> <!-- com.jbk.RestAPI.APITest -->
