<?xml version="1.0" encoding="UTF-8"?>
<!-- Generated by org.testng.reporters.JUnitReportReporter -->
<testsuite skipped="0" hostname="DESKTOP-V3FP7B6" name="com.jbk.RestAPI.RestApiTestNG" tests="6" failures="0" timestamp="24 Jan 2020 13:18:02 GMT" time="18.356" errors="0">
  <testcase name="CheckWeatherDetailsStatus" time="0.571" classname="com.jbk.RestAPI.RestApiTestNG"/>
  <testcase name="CheckCityInJsonResponse" time="9.576" classname="com.jbk.RestAPI.RestApiTestNG"/>
  <testcase name="CheckWeatherDetailsInvalidCity" time="0.576" classname="com.jbk.RestAPI.RestApiTestNG"/>
  <testcase name="CheckWeatherMessageBody" time="0.542" classname="com.jbk.RestAPI.RestApiTestNG"/>
  <testcase name="CheckCityInJsonResponseJson" time="2.004" classname="com.jbk.RestAPI.RestApiTestNG"/>
  <testcase name="CheckWeatherDetails" time="5.087" classname="com.jbk.RestAPI.RestApiTestNG"/>
</testsuite> <!-- com.jbk.RestAPI.RestApiTestNG -->
